<?xml version="1.0" encoding="UTF-8"?>
<!-- Generated by org.testng.reporters.JUnitReportReporter -->
<testsuite hostname="LAPTOP-6A3TN1OQ" failures="0" tests="1" name="com.oranghrm.test.AdminPageTest" time="4.263" errors="0" timestamp="2025-05-21T14:57:16 PDT" skipped="0">
  <testcase classname="com.oranghrm.test.AdminPageTest" name="loginClickAdminAndLogout" time="4.263"/>
</testsuite> <!-- com.oranghrm.test.AdminPageTest -->
