<?xml version="1.0" encoding="UTF-8"?>
<!-- Generated by org.testng.reporters.JUnitReportReporter -->
<testsuite hostname="LAPTOP-6A3TN1OQ" failures="0" tests="1" name="com.oranghrm.test.LeavePageTest" time="3.766" errors="0" timestamp="2025-05-20T14:13:33 PDT" skipped="0">
  <testcase classname="com.oranghrm.test.LeavePageTest" name="loginClickAdminAndLogout" time="3.766"/>
</testsuite> <!-- com.oranghrm.test.LeavePageTest -->
