<?xml version="1.0" encoding="UTF-8"?>
<!-- Generated by org.testng.reporters.JUnitReportReporter -->
<testsuite hostname="LAPTOP-6A3TN1OQ" failures="0" tests="3" name="com.test.OrangeHRMTest" time="7.277" errors="0" timestamp="2025-05-19T11:16:55 PDT" skipped="0">
  <testcase classname="com.test.OrangeHRMTest" name="testAdmin" time="1.883"/>
  <testcase classname="com.test.OrangeHRMTest" name="testLogout" time="1.287"/>
  <testcase classname="com.test.OrangeHRMTest" name="Login" time="4.107"/>
</testsuite> <!-- com.test.OrangeHRMTest -->
