<?xml version="1.0" encoding="UTF-8"?>
<!-- Generated by org.testng.reporters.JUnitReportReporter -->
<testsuite hostname="LAPTOP-6A3TN1OQ" failures="0" tests="2" name="testNGDemo.PriorityDemo" time="0.012" errors="0" timestamp="2025-05-10T23:36:15 PDT" skipped="0">
  <testcase classname="testNGDemo.PriorityDemo" name="test2" time="0.002"/>
  <testcase classname="testNGDemo.PriorityDemo" name="test1" time="0.010"/>
</testsuite> <!-- testNGDemo.PriorityDemo -->
