<?xml version="1.0" encoding="UTF-8"?>
<!-- Generated by org.testng.reporters.JUnitReportReporter -->
<testsuite hostname="LAPTOP-6A3TN1OQ" failures="0" tests="1" name="testNGDemo.launchBrowser" time="2.071" errors="0" timestamp="2025-05-10T16:39:27 PDT" skipped="0">
  <testcase classname="testNGDemo.launchBrowser" name="launchdriver" time="2.071"/>
</testsuite> <!-- testNGDemo.launchBrowser -->
