<?xml version="1.0" encoding="UTF-8"?>
<!-- Generated by org.testng.reporters.JUnitReportReporter -->
<testsuite hostname="LAPTOP-6A3TN1OQ" failures="0" tests="3" name="com.test.OrangeHRMTest" time="6.169" errors="0" timestamp="2025-05-11T07:34:51 PDT" skipped="0">
  <testcase classname="com.test.OrangeHRMTest" name="testAdmin" time="1.832"/>
  <testcase classname="com.test.OrangeHRMTest" name="testLogout" time="1.231"/>
  <testcase classname="com.test.OrangeHRMTest" name="Login" time="3.106"/>
</testsuite> <!-- com.test.OrangeHRMTest -->
